<?xml version="1.0" encoding="UTF-8"?>
<!-- Generated by org.testng.reporters.JUnitReportReporter -->
<testsuite hostname="DESKTOP-LTORGFO" failures="0" tests="1" name="com.qa.testsuite.LoginPageTest" time="12.254" errors="0" timestamp="18 Jun 2019 09:28:53 GMT" skipped="0">
  <testcase classname="com.qa.testsuite.LoginPageTest" name="validateLoginPageTest" time="12.254"/>
</testsuite> <!-- com.qa.testsuite.LoginPageTest -->
